<?xml version="1.0" encoding="UTF-8"?>
<testsuite xmlns:xsi="http://www.w3.org/2001/XMLSchema-instance" xsi:noNamespaceSchemaLocation="https://maven.apache.org/surefire/maven-surefire-plugin/xsd/surefire-test-report-3.0.xsd" version="3.0" name="com.alerts.AlertGeneratorTest" time="7.249" tests="7" errors="1" skipped="0" failures="0">
  <properties>
    <property name="java.specification.version" value="17"/>
    <property name="sun.cpu.isalist" value="amd64"/>
    <property name="sun.jnu.encoding" value="Cp1252"/>
    <property name="java.class.path" value="C:\Users\mrxst\IdeaProjects\signal_project2\target\test-classes;C:\Users\mrxst\IdeaProjects\signal_project2\target\classes;C:\Users\mrxst\.m2\repository\org\java-websocket\Java-WebSocket\1.5.2\Java-WebSocket-1.5.2.jar;C:\Users\mrxst\.m2\repository\com\fasterxml\jackson\core\jackson-databind\2.12.5\jackson-databind-2.12.5.jar;C:\Users\mrxst\.m2\repository\com\fasterxml\jackson\core\jackson-annotations\2.12.5\jackson-annotations-2.12.5.jar;C:\Users\mrxst\.m2\repository\com\fasterxml\jackson\core\jackson-core\2.12.5\jackson-core-2.12.5.jar;C:\Users\mrxst\.m2\repository\junit\junit\4.13.2\junit-4.13.2.jar;C:\Users\mrxst\.m2\repository\org\hamcrest\hamcrest-core\1.3\hamcrest-core-1.3.jar;C:\Users\mrxst\.m2\repository\org\junit\jupiter\junit-jupiter\5.7.0\junit-jupiter-5.7.0.jar;C:\Users\mrxst\.m2\repository\org\junit\jupiter\junit-jupiter-api\5.7.0\junit-jupiter-api-5.7.0.jar;C:\Users\mrxst\.m2\repository\org\apiguardian\apiguardian-api\1.1.0\apiguardian-api-1.1.0.jar;C:\Users\mrxst\.m2\repository\org\opentest4j\opentest4j\1.2.0\opentest4j-1.2.0.jar;C:\Users\mrxst\.m2\repository\org\junit\platform\junit-platform-commons\1.7.0\junit-platform-commons-1.7.0.jar;C:\Users\mrxst\.m2\repository\org\junit\jupiter\junit-jupiter-params\5.7.0\junit-jupiter-params-5.7.0.jar;C:\Users\mrxst\.m2\repository\org\junit\jupiter\junit-jupiter-engine\5.7.0\junit-jupiter-engine-5.7.0.jar;C:\Users\mrxst\.m2\repository\org\junit\platform\junit-platform-engine\1.7.0\junit-platform-engine-1.7.0.jar;C:\Users\mrxst\.m2\repository\org\testng\testng\7.4.0\testng-7.4.0.jar;C:\Users\mrxst\.m2\repository\com\beust\jcommander\1.78\jcommander-1.78.jar;C:\Users\mrxst\.m2\repository\org\webjars\jquery\3.5.1\jquery-3.5.1.jar;C:\Users\mrxst\.m2\repository\org\slf4j\slf4j-api\1.7.36\slf4j-api-1.7.36.jar;C:\Users\mrxst\.m2\repository\ch\qos\logback\logback-classic\1.2.11\logback-classic-1.2.11.jar;C:\Users\mrxst\.m2\repository\ch\qos\logback\logback-core\1.2.11\logback-core-1.2.11.jar;"/>
    <property name="java.vm.vendor" value="Amazon.com Inc."/>
    <property name="sun.arch.data.model" value="64"/>
    <property name="user.variant" value=""/>
    <property name="java.vendor.url" value="https://aws.amazon.com/corretto/"/>
    <property name="user.timezone" value="Europe/Amsterdam"/>
    <property name="os.name" value="Windows 11"/>
    <property name="java.vm.specification.version" value="17"/>
    <property name="sun.java.launcher" value="SUN_STANDARD"/>
    <property name="user.country" value="IE"/>
    <property name="sun.boot.library.path" value="C:\Users\mrxst\.jdks\corretto-17.0.11\bin"/>
    <property name="sun.java.command" value="C:\Users\mrxst\AppData\Local\Temp\surefire10426380772031897224\surefirebooter7159629717470930092.jar C:\Users\mrxst\AppData\Local\Temp\surefire10426380772031897224 2024-06-09T23-25-46_452-jvmRun1 surefire772195966022017120tmp surefire_07280204636148866894tmp"/>
    <property name="jdk.debug" value="release"/>
    <property name="surefire.test.class.path" value="C:\Users\mrxst\IdeaProjects\signal_project2\target\test-classes;C:\Users\mrxst\IdeaProjects\signal_project2\target\classes;C:\Users\mrxst\.m2\repository\org\java-websocket\Java-WebSocket\1.5.2\Java-WebSocket-1.5.2.jar;C:\Users\mrxst\.m2\repository\com\fasterxml\jackson\core\jackson-databind\2.12.5\jackson-databind-2.12.5.jar;C:\Users\mrxst\.m2\repository\com\fasterxml\jackson\core\jackson-annotations\2.12.5\jackson-annotations-2.12.5.jar;C:\Users\mrxst\.m2\repository\com\fasterxml\jackson\core\jackson-core\2.12.5\jackson-core-2.12.5.jar;C:\Users\mrxst\.m2\repository\junit\junit\4.13.2\junit-4.13.2.jar;C:\Users\mrxst\.m2\repository\org\hamcrest\hamcrest-core\1.3\hamcrest-core-1.3.jar;C:\Users\mrxst\.m2\repository\org\junit\jupiter\junit-jupiter\5.7.0\junit-jupiter-5.7.0.jar;C:\Users\mrxst\.m2\repository\org\junit\jupiter\junit-jupiter-api\5.7.0\junit-jupiter-api-5.7.0.jar;C:\Users\mrxst\.m2\repository\org\apiguardian\apiguardian-api\1.1.0\apiguardian-api-1.1.0.jar;C:\Users\mrxst\.m2\repository\org\opentest4j\opentest4j\1.2.0\opentest4j-1.2.0.jar;C:\Users\mrxst\.m2\repository\org\junit\platform\junit-platform-commons\1.7.0\junit-platform-commons-1.7.0.jar;C:\Users\mrxst\.m2\repository\org\junit\jupiter\junit-jupiter-params\5.7.0\junit-jupiter-params-5.7.0.jar;C:\Users\mrxst\.m2\repository\org\junit\jupiter\junit-jupiter-engine\5.7.0\junit-jupiter-engine-5.7.0.jar;C:\Users\mrxst\.m2\repository\org\junit\platform\junit-platform-engine\1.7.0\junit-platform-engine-1.7.0.jar;C:\Users\mrxst\.m2\repository\org\testng\testng\7.4.0\testng-7.4.0.jar;C:\Users\mrxst\.m2\repository\com\beust\jcommander\1.78\jcommander-1.78.jar;C:\Users\mrxst\.m2\repository\org\webjars\jquery\3.5.1\jquery-3.5.1.jar;C:\Users\mrxst\.m2\repository\org\slf4j\slf4j-api\1.7.36\slf4j-api-1.7.36.jar;C:\Users\mrxst\.m2\repository\ch\qos\logback\logback-classic\1.2.11\logback-classic-1.2.11.jar;C:\Users\mrxst\.m2\repository\ch\qos\logback\logback-core\1.2.11\logback-core-1.2.11.jar;"/>
    <property name="sun.cpu.endian" value="little"/>
    <property name="user.home" value="C:\Users\mrxst"/>
    <property name="user.language" value="en"/>
    <property name="java.specification.vendor" value="Oracle Corporation"/>
    <property name="java.version.date" value="2024-04-16"/>
    <property name="java.home" value="C:\Users\mrxst\.jdks\corretto-17.0.11"/>
    <property name="file.separator" value="\"/>
    <property name="basedir" value="C:\Users\mrxst\IdeaProjects\signal_project2"/>
    <property name="java.vm.compressedOopsMode" value="32-bit"/>
    <property name="line.separator" value="&#10;"/>
    <property name="java.vm.specification.vendor" value="Oracle Corporation"/>
    <property name="java.specification.name" value="Java Platform API Specification"/>
    <property name="surefire.real.class.path" value="C:\Users\mrxst\AppData\Local\Temp\surefire10426380772031897224\surefirebooter7159629717470930092.jar"/>
    <property name="user.script" value=""/>
    <property name="sun.management.compiler" value="HotSpot 64-Bit Tiered Compilers"/>
    <property name="java.runtime.version" value="17.0.11+9-LTS"/>
    <property name="user.name" value="mrxst"/>
    <property name="path.separator" value=";"/>
    <property name="os.version" value="10.0"/>
    <property name="java.runtime.name" value="OpenJDK Runtime Environment"/>
    <property name="file.encoding" value="Cp1252"/>
    <property name="java.vm.name" value="OpenJDK 64-Bit Server VM"/>
    <property name="java.vendor.version" value="Corretto-17.0.11.9.1"/>
    <property name="localRepository" value="C:\Users\mrxst\.m2\repository"/>
    <property name="java.vendor.url.bug" value="https://github.com/corretto/corretto-17/issues/"/>
    <property name="java.io.tmpdir" value="C:\Users\mrxst\AppData\Local\Temp\"/>
    <property name="idea.version" value="2022.2.2"/>
    <property name="java.version" value="17.0.11"/>
    <property name="user.dir" value="C:\Users\mrxst\IdeaProjects\signal_project2"/>
    <property name="os.arch" value="amd64"/>
    <property name="java.vm.specification.name" value="Java Virtual Machine Specification"/>
    <property name="sun.os.patch.level" value=""/>
    <property name="native.encoding" value="Cp1252"/>
    <property name="java.library.path" value="C:\Users\mrxst\.jdks\corretto-17.0.11\bin;C:\Windows\Sun\Java\bin;C:\Windows\system32;C:\Windows;C:\Program Files\Common Files\Oracle\Java\javapath;C:\Windows\system32;C:\Windows;C:\Windows\System32\Wbem;C:\Windows\System32\WindowsPowerShell\v1.0\;C:\Windows\System32\OpenSSH\;C:\Program Files\PuTTY\;C:\Program Files\MATLAB\R2023b\bin;C:\Program Files\Git\cmd;C:\Users\mrxst\Downloads\apac\apache-maven-3.9.6\bin;C:\Users\mrxst\AppData\Local\Microsoft\WindowsApps;;C:\Users\mrxst\AppData\Local\Programs\Microsoft VS Code\bin;."/>
    <property name="java.vm.info" value="mixed mode, sharing"/>
    <property name="java.vendor" value="Amazon.com Inc."/>
    <property name="java.vm.version" value="17.0.11+9-LTS"/>
    <property name="sun.io.unicode.encoding" value="UnicodeLittle"/>
    <property name="java.class.version" value="61.0"/>
  </properties>
  <testcase name="testEvaluateDataPressureTriggersAlert" classname="com.alerts.AlertGeneratorTest" time="1.1">
    <system-out><![CDATA[Patient  1 has the following alrt:  Blood Pressure Alert. Time:  1717968347932
]]></system-out>
  </testcase>
  <testcase name="testEvaluateDataEcgNoAlert" classname="com.alerts.AlertGeneratorTest" time="1.011"/>
  <testcase name="testEvaluateDataSaturationNoAlert" classname="com.alerts.AlertGeneratorTest" time="1.013"/>
  <testcase name="testEvaluateDataSaturationTriggersAlert" classname="com.alerts.AlertGeneratorTest" time="1.012">
    <system-out><![CDATA[Patient  1 has the following alrt:  Low Saturation Alert. Time:  1717968352028
]]></system-out>
  </testcase>
  <testcase name="testEvaluateDataPressureNoAlert" classname="com.alerts.AlertGeneratorTest" time="1.027">
    <error type="java.lang.NullPointerException"><![CDATA[java.lang.NullPointerException: Cannot invoke "java.util.List.isEmpty()" because "this.triggeredAlerts" is null
	at com.alerts.AlertGeneratorTest.testEvaluateDataPressureNoAlert(AlertGeneratorTest.java:142)
]]></error>
    <system-out><![CDATA[Patient  1 has the following alrt:  Blood Pressure Alert. Time:  1717968352033
Patient  1 has the following alrt:  Heart rate too fast, ECG alert. Time:  1717968352033
null
]]></system-out>
  </testcase>
  <testcase name="testEvaluateHypotensiveAlert" classname="com.alerts.AlertGeneratorTest" time="1.018">
    <system-out><![CDATA[Patient  1 has the following alrt:  HypotensiveHypoxemia Alert. Time:  1717968353077
Patient  1 has the following alrt:  Low Saturation Alert. Time:  1717968354082
Patient  1 has the following alrt:  Heart rate too fast, ECG alert. Time:  1717968353067
]]></system-out>
  </testcase>
  <testcase name="testEvaluateDataEcgAlert" classname="com.alerts.AlertGeneratorTest" time="1.019">
    <system-out><![CDATA[Patient  1 has the following alrt:  Heart rate too slow, ECG alert. Time:  1717968411086
]]></system-out>
  </testcase>
</testsuite>